<?xml version="1.0" encoding="UTF-8"?>
<!-- Generated by org.testng.reporters.JUnitReportReporter -->
<testsuite hostname="MRs-MacBook-Pro" failures="0" tests="1" name="testCase.GenerateBeareToken" time="5.068" errors="0" timestamp="2024-01-20T09:11:42 CST" skipped="0">
  <testcase classname="testCase.GenerateBeareToken" name="generateBeareToken" time="5.068"/>
</testsuite> <!-- testCase.GenerateBeareToken -->
