<?xml version="1.0" encoding="UTF-8"?>
<!-- Generated by org.testng.reporters.JUnitReportReporter -->
<testsuite hostname="MRs-MacBook-Pro" failures="0" tests="1" name="testCase.ReadallAccount" time="2.341" errors="0" timestamp="2024-01-20T10:43:46 CST" skipped="0">
  <testcase classname="testCase.ReadallAccount" name="readAllAccount" time="2.341"/>
</testsuite> <!-- testCase.ReadallAccount -->
