<?xml version="1.0" encoding="UTF-8"?>
<!-- Generated by org.testng.reporters.JUnitReportReporter -->
<testsuite hostname="MRs-MacBook-Pro" failures="0" tests="1" name="reqres.HttpRequest" time="1.987" errors="0" timestamp="2024-01-18T18:30:18 CST" skipped="0">
  <testcase classname="reqres.HttpRequest" name="getOneUser" time="1.987"/>
</testsuite> <!-- reqres.HttpRequest -->
